# JRE version: Java(TM) SE Runtime Environment (10.0+46) (build 10+46)
# Java VM: Java HotSpot(TM) 64-Bit Server VM (10+46, mixed mode, tiered, compressed oops, g1 gc, bsd-amd64)
Heap:
 garbage-first heap   total 312320K, used 90492K [0x0000000780000000, 0x00000007c0000000)
  region size 1024K, 32 young (32768K), 22 survivors (22528K)
 Metaspace       used 7685K, capacity 7799K, committed 7936K, reserved 1056768K
  class space    used 615K, capacity 684K, committed 768K, reserved 1048576K
GC Heap History (10 events):
Event: 5.539 GC heap before
{Heap before GC invocations=22 (full 0):
 garbage-first heap   total 212992K, used 160279K [0x0000000780000000, 0x00000007c0000000)
  region size 1024K, 121 young (123904K), 10 survivors (10240K)
 Metaspace       used 7567K, capacity 7639K, committed 7936K, reserved 1056768K
  class space    used 608K, capacity 652K, committed 768K, reserved 1048576K
}
Event: 5.549 GC heap after
{Heap after GC invocations=23 (full 0):
 garbage-first heap   total 212992K, used 51066K [0x0000000780000000, 0x00000007c0000000)
  region size 1024K, 11 young (11264K), 11 survivors (11264K)
 Metaspace       used 7567K, capacity 7639K, committed 7936K, reserved 1056768K
  class space    used 608K, capacity 652K, committed 768K, reserved 1048576K
}
Event: 5.634 GC heap before
{Heap before GC invocations=23 (full 0):
 garbage-first heap   total 212992K, used 166778K [0x0000000780000000, 0x00000007c0000000)
  region size 1024K, 124 young (126976K), 11 survivors (11264K)
 Metaspace       used 7567K, capacity 7639K, committed 7936K, reserved 1056768K
  class space    used 608K, capacity 652K, committed 768K, reserved 1048576K
}
Event: 5.644 GC heap after
{Heap after GC invocations=24 (full 0):
 garbage-first heap   total 212992K, used 55742K [0x0000000780000000, 0x00000007c0000000)
  region size 1024K, 13 young (13312K), 13 survivors (13312K)
 Metaspace       used 7567K, capacity 7639K, committed 7936K, reserved 1056768K
  class space    used 608K, capacity 652K, committed 768K, reserved 1048576K
}
Event: 5.719 GC heap before
{Heap before GC invocations=24 (full 0):
 garbage-first heap   total 212992K, used 171454K [0x0000000780000000, 0x00000007c0000000)
  region size 1024K, 124 young (126976K), 13 survivors (13312K)
 Metaspace       used 7567K, capacity 7639K, committed 7936K, reserved 1056768K
  class space    used 608K, capacity 652K, committed 768K, reserved 1048576K
}
Event: 5.735 GC heap after
{Heap after GC invocations=25 (full 0):
 garbage-first heap   total 312320K, used 62275K [0x0000000780000000, 0x00000007c0000000)
  region size 1024K, 13 young (13312K), 13 survivors (13312K)
 Metaspace       used 7567K, capacity 7639K, committed 7936K, reserved 1056768K
  class space    used 608K, capacity 652K, committed 768K, reserved 1048576K
}
Event: 5.972 GC heap before
{Heap before GC invocations=25 (full 0):
 garbage-first heap   total 312320K, used 226115K [0x0000000780000000, 0x00000007c0000000)
  region size 1024K, 173 young (177152K), 13 survivors (13312K)
 Metaspace       used 7567K, capacity 7639K, committed 7936K, reserved 1056768K
  class space    used 608K, capacity 652K, committed 768K, reserved 1048576K
}
Event: 6.046 GC heap after
{Heap after GC invocations=26 (full 0):
 garbage-first heap   total 312320K, used 68075K [0x0000000780000000, 0x00000007c0000000)
  region size 1024K, 15 young (15360K), 15 survivors (15360K)
 Metaspace       used 7567K, capacity 7639K, committed 7936K, reserved 1056768K
  class space    used 608K, capacity 652K, committed 768K, reserved 1048576K
}
Event: 12.371 GC heap before
{Heap before GC invocations=26 (full 0):
 garbage-first heap   total 312320K, used 240107K [0x0000000780000000, 0x00000007c0000000)
  region size 1024K, 183 young (187392K), 15 survivors (15360K)
 Metaspace       used 7656K, capacity 7799K, committed 7936K, reserved 1056768K
  class space    used 614K, capacity 684K, committed 768K, reserved 1048576K
}
Event: 12.393 GC heap after
{Heap after GC invocations=27 (full 0):
 garbage-first heap   total 312320K, used 80252K [0x0000000780000000, 0x00000007c0000000)
  region size 1024K, 22 young (22528K), 22 survivors (22528K)
 Metaspace       used 7656K, capacity 7799K, committed 7936K, reserved 1056768K
  class space    used 614K, capacity 684K, committed 768K, reserved 1048576K
}

